<?xml version="1.0" encoding="UTF-8"?>
<!-- Generated by org.testng.reporters.JUnitReportReporter -->
<testsuite skipped="0" hostname="DESKTOP-AR628H2" name="com.invalidlogin.test.RegressionTestScripts" tests="2" failures="0" timestamp="23 Jun 2018 23:07:00 GMT" time="37.209" errors="0">
  <testcase name="verifiedInvalidLogin" time="19.959" classname="com.invalidlogin.test.RegressionTestScripts"/>
  <testcase name="verifiedValidLogin" time="17.250" classname="com.invalidlogin.test.RegressionTestScripts"/>
</testsuite> <!-- com.invalidlogin.test.RegressionTestScripts -->
